Log file open, 09/12/23 13:26:46
LogPlatformFile: Not using cached read wrapper
LogTaskGraph: Started task graph with 5 named threads and 27 total threads with 1 sets of task threads.
LogStats: Stats thread started at 0.008191
LogInit: Build: ++UE4+Release-4.26-CL-0
LogInit: Engine Version: 4.26.2-0+++UE4+Release-4.26
LogInit: Compatible Engine Version: 4.26.0-0+++UE4+Release-4.26
LogInit: Net CL: 0
LogInit: OS: Windows 10 (Release 2009) (), CPU: 12th Gen Intel(R) Core(TM) i9-12900KS, GPU: NVIDIA GeForce RTX 3050
LogInit: Compiled (64-bit): May 23 2023 09:39:40
LogInit: Compiled with Visual C++: 19.35.32217.01
LogInit: Build Configuration: Development
LogInit: Branch Name: ++UE4+Release-4.26
LogInit: Command Line: "G:\UE_426_Cesium\Temp\PackagePrograms\Engine\Binaries\Win64\CustomTool.exe" 
LogInit: Base Directory: G:/UE_426_Cesium/Temp/PackagePrograms/Engine/Binaries/Win64/
LogInit: Allocator: TBB
LogInit: Installed Engine Build: 0
LogDevObjectVersion: Number of dev versions registered: 29
LogDevObjectVersion:   Dev-Blueprints (B0D832E4-1F89-4F0D-ACCF-7EB736FD4AA2): 10
LogDevObjectVersion:   Dev-Build (E1C64328-A22C-4D53-A36C-8E866417BD8C): 0
LogDevObjectVersion:   Dev-Core (375EC13C-06E4-48FB-B500-84F0262A717E): 4
LogDevObjectVersion:   Dev-Editor (E4B068ED-F494-42E9-A231-DA0B2E46BB41): 40
LogDevObjectVersion:   Dev-Framework (CFFC743F-43B0-4480-9391-14DF171D2073): 37
LogDevObjectVersion:   Dev-Mobile (B02B49B5-BB20-44E9-A304-32B752E40360): 3
LogDevObjectVersion:   Dev-Networking (A4E4105C-59A1-49B5-A7C5-40C4547EDFEE): 0
LogDevObjectVersion:   Dev-Online (39C831C9-5AE6-47DC-9A44-9C173E1C8E7C): 0
LogDevObjectVersion:   Dev-Physics (78F01B33-EBEA-4F98-B9B4-84EACCB95AA2): 4
LogDevObjectVersion:   Dev-Platform (6631380F-2D4D-43E0-8009-CF276956A95A): 0
LogDevObjectVersion:   Dev-Rendering (12F88B9F-8875-4AFC-A67C-D90C383ABD29): 44
LogDevObjectVersion:   Dev-Sequencer (7B5AE74C-D270-4C10-A958-57980B212A5A): 12
LogDevObjectVersion:   Dev-VR (D7296918-1DD6-4BDD-9DE2-64A83CC13884): 3
LogDevObjectVersion:   Dev-LoadTimes (C2A15278-BFE7-4AFE-6C17-90FF531DF755): 1
LogDevObjectVersion:   Private-Geometry (6EACA3D4-40EC-4CC1-B786-8BED09428FC5): 3
LogDevObjectVersion:   Dev-AnimPhys (29E575DD-E0A3-4627-9D10-D276232CDCEA): 17
LogDevObjectVersion:   Dev-Anim (AF43A65D-7FD3-4947-9873-3E8ED9C1BB05): 15
LogDevObjectVersion:   Dev-ReflectionCapture (6B266CEC-1EC7-4B8F-A30B-E4D90942FC07): 1
LogDevObjectVersion:   Dev-Automation (0DF73D61-A23F-47EA-B727-89E90C41499A): 1
LogDevObjectVersion:   FortniteMain (601D1886-AC64-4F84-AA16-D3DE0DEAC7D6): 43
LogDevObjectVersion:   FortniteRelease (E7086368-6B23-4C58-8439-1B7016265E91): 1
LogDevObjectVersion:   Dev-Enterprise (9DFFBCD6-494F-0158-E221-12823C92A888): 10
LogDevObjectVersion:   Dev-Niagara (F2AED0AC-9AFE-416F-8664-AA7FFA26D6FC): 1
LogDevObjectVersion:   Dev-Destruction (174F1F0B-B4C6-45A5-B13F-2EE8D0FB917D): 10
LogDevObjectVersion:   Dev-Physics-Ext (35F94A83-E258-406C-A318-09F59610247C): 40
LogDevObjectVersion:   Dev-PhysicsMaterial-Chaos (B68FC16E-8B1B-42E2-B453-215C058844FE): 1
LogDevObjectVersion:   Dev-CineCamera (B2E18506-4273-CFC2-A54E-F4BB758BBA07): 1
LogDevObjectVersion:   Dev-VirtualProduction (64F58936-FD1B-42BA-BA96-7289D5D0FA4E): 1
LogDevObjectVersion:   Dev-MediaFramework (6F0ED827-A609-4895-9C91-998D90180EA4): 2
LogInit: Presizing for max 2097152 objects, including 0 objects not considered by GC, pre-allocating 0 bytes for permanent pool.
LogConfig: Applying CVar settings from Section [/Script/Engine.StreamingSettings] File [../../../Engine/Programs/HelloSlate/Saved/Config/WindowsNoEditor/Engine.ini]
LogInit: Object subsystem initialized
LogConfig: Applying CVar settings from Section [Startup] File [../../../Engine/Config/ConsoleVariables.ini]
LogConfig: Applying CVar settings from Section [ConsoleVariables] File [../../../Engine/Programs/HelloSlate/Saved/Config/WindowsNoEditor/Engine.ini]
LogInit: Computer: DESKTOP-FKKIJM9
LogInit: User: liupu
LogInit: CPU Page size=4096, Cores=16
LogInit: High frequency timer resolution =10.000000 MHz
LogMemory: Memory total: Physical=63.8GB (64GB approx)
LogMemory: Platform Memory Stats for WindowsNoEditor
LogMemory: Process Physical Memory: 25.07 MB used, 25.07 MB peak
LogMemory: Process Virtual Memory: 57.66 MB used, 57.66 MB peak
LogMemory: Physical Memory: 31162.77 MB used,  34146.56 MB free, 65309.32 MB total
LogMemory: Virtual Memory: 134186400.00 MB used,  31329.38 MB free, 134217728.00 MB total
LogAssetRegistry: FAssetRegistry took 0.0001 seconds to start up
LogUObjectArray: 424 objects as part of root set at end of initial load.
LogUObjectAllocator: 66760 out of 0 bytes used by permanent object pool.
LogUObjectArray: CloseDisregardForGC: 0/0 objects in disregard for GC pool
LogPaths: Warning: No paths for game localization data were specifed in the game configuration.
LogInit: Using OS detected language ().
LogInit: Using OS detected locale ().
LogInit: Warning: No paths for engine localization data were specifed in the engine configuration.
LogTextLocalizationManager: No localization for '' exists, so 'en' will be used for the language.
LogTextLocalizationManager: No localization for '' exists, so 'en' will be used for the locale.
LogInit: Using OS detected language ().
LogInit: Using OS detected locale ().
LogTextLocalizationManager: No localization for '' exists, so 'en' will be used for the language.
LogTextLocalizationManager: No localization for '' exists, so 'en' will be used for the locale.
LogTextLocalizationManager: Compacting localization data took   0.01ms
LogSlate: Using FreeType 2.10.0
LogSlate: SlateFontServices - WITH_FREETYPE: 1, WITH_HARFBUZZ: 0
LogWindowsTextInputMethodSystem: Display: IME system deactivated.
LogInit: Setting process to per monitor DPI aware
LogSlate: New Slate User Created.  User Index 0, Is Virtual User: 0
LogSlate: Slate User Registered.  User Index 0, Is Virtual User: 0
LogSlate: Took 0.004524 seconds to synchronously load lazily loaded font '../../../Engine/Content/Slate/Fonts/Roboto-Regular.ttf' (155K)
LogSlate: Took 0.011915 seconds to synchronously load lazily loaded font '../../../Engine/Content/Slate/Fonts/DroidSansFallback.ttf' (3848K)
LogWindowsTextInputMethodSystem: Display: IME system activated using TSF (微软拼音).
LogSlate: Request Window 'Custom Tool' being destroyed
LogSlate: Window 'Custom Tool' being destroyed
LogWindowsTextInputMethodSystem: Display: IME system activated using TSF (微软拼音).
LogCore: Engine exit requested (reason: Normal Slate Window Closed)
LogExit: Object subsystem successfully closed.
LogSlate: Slate User Destroyed.  User Index 0, Is Virtual User: 0
LogModuleManager: Shutting down and abandoning module ImageWrapper (6)
LogModuleManager: Shutting down and abandoning module InputCore (4)
LogModuleManager: Shutting down and abandoning module CoreUObject (2)
Log file closed, 09/12/23 13:28:26
